<?xml version="1.0" encoding="UTF-8"?>
<!-- Generated by org.testng.reporters.JUnitXMLReporter -->
<testsuite ignored="0" hostname="LAPTOP-HFBN7IO0" failures="0" tests="7" name="Test" time="66.515" errors="0" timestamp="2024-10-05T22:39:50 IST">
  <testcase classname="pages.Login" name="@BeforeClass lauch" time="-1.728148190183E9">
    <failure type="org.testng.TestNGException" message="
Can inject only one of &amp;lt;ITestContext, XmlTest&amp;gt; into a @BeforeClass annotated lauch.
For more information on native dependency injection please refer to https://testng.org/#_dependency_injection">
      <![CDATA[org.testng.TestNGException: 
Can inject only one of <ITestContext, XmlTest> into a @BeforeClass annotated lauch.
For more information on native dependency injection please refer to https://testng.org/#_dependency_injection
at java.base/java.util.ArrayList.forEach(ArrayList.java:1511)
... Removed 22 stack frames]]>
    </failure>
  </testcase> <!-- @BeforeClass lauch -->
  <testcase classname="pages.Login" name="@AfterClass quit" time="0.0">
    <skipped/>
  </testcase> <!-- @AfterClass quit -->
  <testcase classname="pages.click" name="seleniumclick" time="7.974"/>
  <testcase classname="pages.dropdowns" name="checkboxes" time="10.193"/>
  <testcase classname="pages.dropdowns" name="drop" time="8.797"/>
  <testcase classname="pages.dropdowns" name="drop" time="8.553"/>
  <testcase classname="pages.dropdowns" name="radioButton" time="25.362"/>
  <testcase classname="pages.Login" name="login" time="0.0">
    <skipped/>
  </testcase> <!-- login -->
  <testcase classname="pages.Login" name="login" time="0.0">
    <skipped/>
  </testcase> <!-- login -->
</testsuite> <!-- Test -->
