<?xml version="1.0" encoding="UTF-8"?>
<testng-results ignored="0" total="1" passed="1" failed="0" skipped="0">
  <reporter-output>
  </reporter-output>
  <suite started-at="2024-11-20T20:19:25 IST" name="Default suite" finished-at="2024-11-20T20:19:41 IST" duration-ms="15986">
    <groups>
    </groups>
    <test started-at="2024-11-20T20:19:25 IST" name="Default test" finished-at="2024-11-20T20:19:41 IST" duration-ms="15986">
      <class name="pages.testng_annotations">
        <test-method is-config="true" signature="setBrowser()[pri:0, instance:pages.testng_annotations@52d645b1]" started-at="2024-11-20T20:19:25 IST" name="setBrowser" finished-at="2024-11-20T20:19:40 IST" duration-ms="15028" status="PASS">
          <reporter-output>
          </reporter-output>
        </test-method> <!-- setBrowser -->
        <test-method is-config="true" signature="windowSetup()[pri:0, instance:pages.testng_annotations@52d645b1]" started-at="2024-11-20T20:19:40 IST" name="windowSetup" finished-at="2024-11-20T20:19:40 IST" duration-ms="135" status="PASS">
          <reporter-output>
          </reporter-output>
        </test-method> <!-- windowSetup -->
        <test-method is-config="true" signature="launch()[pri:0, instance:pages.testng_annotations@52d645b1]" started-at="2024-11-20T20:19:40 IST" name="launch" finished-at="2024-11-20T20:19:40 IST" duration-ms="423" status="PASS">
          <reporter-output>
          </reporter-output>
        </test-method> <!-- launch -->
        <test-method signature="login()[pri:0, instance:pages.testng_annotations@52d645b1]" started-at="2024-11-20T20:19:40 IST" name="login" finished-at="2024-11-20T20:19:40 IST" duration-ms="16" status="PASS">
          <reporter-output>
          </reporter-output>
        </test-method> <!-- login -->
        <test-method is-config="true" signature="clear()[pri:0, instance:pages.testng_annotations@52d645b1]" started-at="2024-11-20T20:19:40 IST" name="clear" finished-at="2024-11-20T20:19:40 IST" duration-ms="4" status="PASS">
          <reporter-output>
          </reporter-output>
        </test-method> <!-- clear -->
        <test-method is-config="true" signature="quite()[pri:0, instance:pages.testng_annotations@52d645b1]" started-at="2024-11-20T20:19:40 IST" name="quite" finished-at="2024-11-20T20:19:41 IST" duration-ms="302" status="PASS">
          <reporter-output>
          </reporter-output>
        </test-method> <!-- quite -->
        <test-method is-config="true" signature="sc()[pri:0, instance:pages.testng_annotations@52d645b1]" started-at="2024-11-20T20:19:41 IST" name="sc" finished-at="2024-11-20T20:19:41 IST" duration-ms="0" status="PASS">
          <reporter-output>
          </reporter-output>
        </test-method> <!-- sc -->
      </class> <!-- pages.testng_annotations -->
    </test> <!-- Default test -->
  </suite> <!-- Default suite -->
</testng-results>
